[debug] [2022-12-30T19:06:43.661Z] ----------------------------------------------------------------------
[debug] [2022-12-30T19:06:43.663Z] Command:       C:\Program Files\nodejs\node.exe C:\Users\hp\AppData\Roaming\npm\node_modules\firebase-tools\lib\bin\firebase.js init
[debug] [2022-12-30T19:06:43.663Z] CLI Version:   11.19.0
[debug] [2022-12-30T19:06:43.664Z] Platform:      win32
[debug] [2022-12-30T19:06:43.664Z] Node Version:  v16.17.1
[debug] [2022-12-30T19:06:43.664Z] Time:          Sat Dec 31 2022 00:36:43 GMT+0530 (India Standard Time)
[debug] [2022-12-30T19:06:43.665Z] ----------------------------------------------------------------------
[debug] 
[debug] [2022-12-30T19:06:43.721Z] > command requires scopes: ["email","openid","https://www.googleapis.com/auth/cloudplatformprojects.readonly","https://www.googleapis.com/auth/firebase","https://www.googleapis.com/auth/cloud-platform"]
[debug] [2022-12-30T19:06:43.721Z] > authorizing via signed-in user (smitjiwani44@gmail.com)
[info] 
     ######## #### ########  ######## ########     ###     ######  ########
     ##        ##  ##     ## ##       ##     ##  ##   ##  ##       ##
     ######    ##  ########  ######   ########  #########  ######  ######
     ##        ##  ##    ##  ##       ##     ## ##     ##       ## ##
     ##       #### ##     ## ######## ########  ##     ##  ######  ########

You're about to initialize a Firebase project in this directory:

  C:\Users\hp\linkedin-clone

Before we get started, keep in mind:

  * You are initializing within an existing Firebase project directory

